CREATE SCHEMA IF NOT EXISTS simple_catalog;
CREATE EXTENSION simple WITH VERSION '1.0' SCHEMA simple_catalog;
CREATE ROLE reader;
GRANT SELECT ON ALL TABLES IN SCHEMA simple_catalog TO reader;
ALTER DEFAULT PRIVILEGES IN SCHEMA simple_catalog GRANT SELECT ON TABLES TO reader;
SELECT nspname, relname, relacl, privtype, initprivs
FROM pg_class cl JOIN pg_namespace ns ON ns.oid = relnamespace LEFT JOIN pg_init_privs ON objoid = cl.oid
WHERE relname = 'objects';
    nspname     | relname |                  relacl                   | privtype |          initprivs          
----------------+---------+-------------------------------------------+----------+-----------------------------
 simple_catalog | objects | {root=arwdDxt/root,=r/root,reader=r/root} | e        | {root=arwdDxt/root,=r/root}
(1 row)

CREATE TABLE update_foo (a int);
CALL add_note('update_foo', 'Just a note');
SELECT * FROM simple_catalog.objects;
   objoid   |   objnote   
------------+-------------
 update_foo | Just a note
(1 row)

ALTER EXTENSION simple UPDATE;
SELECT * FROM simple_catalog.objects;
   objoid   |         objnote          
------------+--------------------------
 update_foo | {"note" : "Just a note"}
(1 row)

SELECT nspname, relname, relacl, privtype, initprivs
FROM pg_class cl JOIN pg_namespace ns ON ns.oid = relnamespace LEFT JOIN pg_init_privs ON objoid = cl.oid
WHERE relname = 'objects';
    nspname     | relname |                  relacl                   | privtype |                 initprivs                 
----------------+---------+-------------------------------------------+----------+-------------------------------------------
 simple_catalog | objects | {root=arwdDxt/root,reader=r/root,=r/root} | e        | {root=arwdDxt/root,=r/root}
(1 row)

DROP EXTENSION simple;
DROP SCHEMA simple_catalog;
DROP TABLE update_foo;
DROP ROLE reader;
